[0.056s] Invoking command in '/home/nextup/mobile_robot/my_bot/build/my_bot': CMAKE_PREFIX_PATH=${CMAKE_PREFIX_PATH}:/opt/ros/humble /usr/bin/cmake /home/nextup/mobile_robot/my_bot -DAMENT_CMAKE_SYMLINK_INSTALL=1 -DCMAKE_INSTALL_PREFIX=/home/nextup/mobile_robot/my_bot/install/my_bot
[0.135s] -- The C compiler identification is GNU 11.4.0
[0.192s] -- The CXX compiler identification is GNU 11.4.0
[0.199s] -- Detecting C compiler ABI info
[0.243s] -- Detecting C compiler ABI info - done
[0.249s] -- Check for working C compiler: /usr/bin/cc - skipped
[0.249s] -- Detecting C compile features
[0.249s] -- Detecting C compile features - done
[0.252s] -- Detecting CXX compiler ABI info
[0.303s] -- Detecting CXX compiler ABI info - done
[0.308s] -- Check for working CXX compiler: /usr/bin/c++ - skipped
[0.308s] -- Detecting CXX compile features
[0.309s] -- Detecting CXX compile features - done
[0.315s] -- Found ament_cmake: 1.3.5 (/opt/ros/humble/share/ament_cmake/cmake)
[0.430s] -- Found Python3: /usr/bin/python3.10 (found version "3.10.12") found components: Interpreter 
[0.476s] -- Override CMake install command with custom implementation using symlinks instead of copying resources
[0.504s] -- Found ament_lint_auto: 0.12.8 (/opt/ros/humble/share/ament_lint_auto/cmake)
[0.565s] -- Added test 'copyright' to check source files copyright and LICENSE
[0.569s] -- Added test 'cppcheck' to perform static code analysis on C / C++ code
[0.569s] -- Configured cppcheck include dirs: 
[0.569s] -- Configured cppcheck exclude dirs and/or files: 
[0.572s] -- Added test 'cpplint' to check C / C++ code against the Google style
[0.572s] -- Configured cpplint exclude dirs and/or files: 
[0.573s] -- Added test 'flake8' to check Python code syntax and style conventions
[0.574s] -- Added test 'lint_cmake' to check CMake code style
[0.575s] -- Added test 'pep257' to check Python code against some of the docstring style conventions in PEP 257
[0.578s] -- Added test 'uncrustify' to check C / C++ code style
[0.578s] -- Configured uncrustify additional arguments: 
[0.579s] -- Added test 'xmllint' to check XML markup files
[0.580s] -- Configuring done
[0.582s] -- Generating done
[0.583s] -- Build files have been written to: /home/nextup/mobile_robot/my_bot/build/my_bot
[0.585s] Invoked command in '/home/nextup/mobile_robot/my_bot/build/my_bot' returned '0': CMAKE_PREFIX_PATH=${CMAKE_PREFIX_PATH}:/opt/ros/humble /usr/bin/cmake /home/nextup/mobile_robot/my_bot -DAMENT_CMAKE_SYMLINK_INSTALL=1 -DCMAKE_INSTALL_PREFIX=/home/nextup/mobile_robot/my_bot/install/my_bot
[0.586s] Invoking command in '/home/nextup/mobile_robot/my_bot/build/my_bot': CMAKE_PREFIX_PATH=${CMAKE_PREFIX_PATH}:/opt/ros/humble /usr/bin/cmake --build /home/nextup/mobile_robot/my_bot/build/my_bot -- -j16 -l16
[0.609s] Invoked command in '/home/nextup/mobile_robot/my_bot/build/my_bot' returned '0': CMAKE_PREFIX_PATH=${CMAKE_PREFIX_PATH}:/opt/ros/humble /usr/bin/cmake --build /home/nextup/mobile_robot/my_bot/build/my_bot -- -j16 -l16
[0.628s] Invoking command in '/home/nextup/mobile_robot/my_bot/build/my_bot': CMAKE_PREFIX_PATH=${CMAKE_PREFIX_PATH}:/opt/ros/humble /usr/bin/cmake --install /home/nextup/mobile_robot/my_bot/build/my_bot
[0.632s] -- Install configuration: ""
[0.632s] -- Execute custom install script
[0.633s] -- Symlinking: /home/nextup/mobile_robot/my_bot/install/my_bot/share/my_bot/config/empty.yaml
[0.638s] -- Symlinking: /home/nextup/mobile_robot/my_bot/install/my_bot/share/my_bot/description/robot.urdf.xacro
[0.644s] -- Symlinking: /home/nextup/mobile_robot/my_bot/install/my_bot/share/my_bot/launch/rsp.launch.py
[0.649s] -- Symlinking: /home/nextup/mobile_robot/my_bot/install/my_bot/share/my_bot/worlds/empty.world
[0.654s] -- Symlinking: /home/nextup/mobile_robot/my_bot/install/my_bot/share/ament_index/resource_index/package_run_dependencies/my_bot
[0.659s] -- Symlinking: /home/nextup/mobile_robot/my_bot/install/my_bot/share/ament_index/resource_index/parent_prefix_path/my_bot
[0.664s] -- Symlinking: /home/nextup/mobile_robot/my_bot/install/my_bot/share/my_bot/environment/ament_prefix_path.sh
[0.669s] -- Symlinking: /home/nextup/mobile_robot/my_bot/install/my_bot/share/my_bot/environment/ament_prefix_path.dsv
[0.674s] -- Symlinking: /home/nextup/mobile_robot/my_bot/install/my_bot/share/my_bot/environment/path.sh
[0.679s] -- Symlinking: /home/nextup/mobile_robot/my_bot/install/my_bot/share/my_bot/environment/path.dsv
[0.685s] -- Symlinking: /home/nextup/mobile_robot/my_bot/install/my_bot/share/my_bot/local_setup.bash
[0.690s] -- Symlinking: /home/nextup/mobile_robot/my_bot/install/my_bot/share/my_bot/local_setup.sh
[0.695s] -- Symlinking: /home/nextup/mobile_robot/my_bot/install/my_bot/share/my_bot/local_setup.zsh
[0.700s] -- Symlinking: /home/nextup/mobile_robot/my_bot/install/my_bot/share/my_bot/local_setup.dsv
[0.706s] -- Symlinking: /home/nextup/mobile_robot/my_bot/install/my_bot/share/my_bot/package.dsv
[0.711s] -- Symlinking: /home/nextup/mobile_robot/my_bot/install/my_bot/share/ament_index/resource_index/packages/my_bot
[0.716s] -- Symlinking: /home/nextup/mobile_robot/my_bot/install/my_bot/share/my_bot/cmake/my_botConfig.cmake
[0.721s] -- Symlinking: /home/nextup/mobile_robot/my_bot/install/my_bot/share/my_bot/cmake/my_botConfig-version.cmake
[0.726s] -- Symlinking: /home/nextup/mobile_robot/my_bot/install/my_bot/share/my_bot/package.xml
[0.732s] Invoked command in '/home/nextup/mobile_robot/my_bot/build/my_bot' returned '0': CMAKE_PREFIX_PATH=${CMAKE_PREFIX_PATH}:/opt/ros/humble /usr/bin/cmake --install /home/nextup/mobile_robot/my_bot/build/my_bot
